[main ab50212] Command history update Fri Sep 27 08:20:01 AM UTC 2024
 Committer: Cloud User <ec2-user@ip-172-31-6-80.ap-south-1.compute.internal>
Your name and email address were configured automatically based
on your username and hostname. Please check that they are accurate.
You can suppress this message by setting them explicitly. Run the
following command and follow the instructions in your editor to edit
your configuration file:

    git config --global --edit

After doing this, you may fix the identity used for this commit with:

    git commit --amend --reset-author

 1 file changed, 295 deletions(-)
fatal: could not read Username for 'https://github.com': No such device or address
On branch main
Your branch is ahead of 'origin/main' by 1 commit.
  (use "git push" to publish your local commits)

Untracked files:
  (use "git add <file>..." to include in what will be committed)
	cron.log
	git-history.sh

nothing added to commit but untracked files present (use "git add" to track)
fatal: could not read Username for 'https://github.com': No such device or address
On branch main
Your branch is ahead of 'origin/main' by 1 commit.
  (use "git push" to publish your local commits)

Untracked files:
  (use "git add <file>..." to include in what will be committed)
	cron.log
	git-history.sh

nothing added to commit but untracked files present (use "git add" to track)
fatal: could not read Username for 'https://github.com': No such device or address
On branch main
Your branch is ahead of 'origin/main' by 1 commit.
  (use "git push" to publish your local commits)

Untracked files:
  (use "git add <file>..." to include in what will be committed)
	cron.log
	git-history.sh

nothing added to commit but untracked files present (use "git add" to track)
fatal: could not read Username for 'https://github.com': No such device or address
On branch main
Your branch is up to date with 'origin/main'.

Untracked files:
  (use "git add <file>..." to include in what will be committed)
	cron.log
	git-history.sh

nothing added to commit but untracked files present (use "git add" to track)
fatal: could not read Username for 'https://github.com': No such device or address
On branch main
Your branch is up to date with 'origin/main'.

Untracked files:
  (use "git add <file>..." to include in what will be committed)
	cron.log
	git-history.sh

nothing added to commit but untracked files present (use "git add" to track)
fatal: could not read Username for 'https://github.com': No such device or address
On branch main
Your branch is up to date with 'origin/main'.

Untracked files:
  (use "git add <file>..." to include in what will be committed)
	cron.log
	git-history.sh

nothing added to commit but untracked files present (use "git add" to track)
fatal: could not read Username for 'https://github.com': No such device or address
On branch main
Your branch is up to date with 'origin/main'.

Untracked files:
  (use "git add <file>..." to include in what will be committed)
	cron.log
	git-history.sh

nothing added to commit but untracked files present (use "git add" to track)
fatal: could not read Username for 'https://github.com': No such device or address
On branch main
Your branch is up to date with 'origin/main'.

Untracked files:
  (use "git add <file>..." to include in what will be committed)
	cron.log
	git-history.sh

nothing added to commit but untracked files present (use "git add" to track)
Everything up-to-date
